<?xml version="1.0" encoding="UTF-8"?>
<testsuite xmlns:xsi="http://www.w3.org/2001/XMLSchema-instance" xsi:noNamespaceSchemaLocation="https://maven.apache.org/surefire/maven-surefire-plugin/xsd/surefire-test-report.xsd" name="com.weatherapp.AppTest" time="0.039" tests="1" errors="0" skipped="0" failures="0">
  <properties>
    <property name="java.specification.version" value="20"/>
    <property name="sun.jnu.encoding" value="UTF-8"/>
    <property name="java.class.path" value="/Users/akshithacingireddy/Project/weatherWebApp/target/test-classes:/Users/akshithacingireddy/Project/weatherWebApp/target/classes:/Users/akshithacingireddy/.m2/repository/org/springframework/boot/spring-boot-starter-web/3.0.0/spring-boot-starter-web-3.0.0.jar:/Users/akshithacingireddy/.m2/repository/org/springframework/boot/spring-boot-starter/3.0.0/spring-boot-starter-3.0.0.jar:/Users/akshithacingireddy/.m2/repository/org/springframework/boot/spring-boot/3.0.0/spring-boot-3.0.0.jar:/Users/akshithacingireddy/.m2/repository/org/springframework/boot/spring-boot-autoconfigure/3.0.0/spring-boot-autoconfigure-3.0.0.jar:/Users/akshithacingireddy/.m2/repository/org/springframework/boot/spring-boot-starter-logging/3.0.0/spring-boot-starter-logging-3.0.0.jar:/Users/akshithacingireddy/.m2/repository/ch/qos/logback/logback-classic/1.4.5/logback-classic-1.4.5.jar:/Users/akshithacingireddy/.m2/repository/ch/qos/logback/logback-core/1.4.5/logback-core-1.4.5.jar:/Users/akshithacingireddy/.m2/repository/org/apache/logging/log4j/log4j-to-slf4j/2.19.0/log4j-to-slf4j-2.19.0.jar:/Users/akshithacingireddy/.m2/repository/org/apache/logging/log4j/log4j-api/2.19.0/log4j-api-2.19.0.jar:/Users/akshithacingireddy/.m2/repository/org/slf4j/jul-to-slf4j/2.0.4/jul-to-slf4j-2.0.4.jar:/Users/akshithacingireddy/.m2/repository/jakarta/annotation/jakarta.annotation-api/2.1.1/jakarta.annotation-api-2.1.1.jar:/Users/akshithacingireddy/.m2/repository/org/springframework/spring-core/6.0.2/spring-core-6.0.2.jar:/Users/akshithacingireddy/.m2/repository/org/springframework/spring-jcl/6.0.2/spring-jcl-6.0.2.jar:/Users/akshithacingireddy/.m2/repository/org/yaml/snakeyaml/1.33/snakeyaml-1.33.jar:/Users/akshithacingireddy/.m2/repository/org/springframework/boot/spring-boot-starter-json/3.0.0/spring-boot-starter-json-3.0.0.jar:/Users/akshithacingireddy/.m2/repository/com/fasterxml/jackson/datatype/jackson-datatype-jdk8/2.14.1/jackson-datatype-jdk8-2.14.1.jar:/Users/akshithacingireddy/.m2/repository/com/fasterxml/jackson/datatype/jackson-datatype-jsr310/2.14.1/jackson-datatype-jsr310-2.14.1.jar:/Users/akshithacingireddy/.m2/repository/com/fasterxml/jackson/module/jackson-module-parameter-names/2.14.1/jackson-module-parameter-names-2.14.1.jar:/Users/akshithacingireddy/.m2/repository/org/springframework/boot/spring-boot-starter-tomcat/3.0.0/spring-boot-starter-tomcat-3.0.0.jar:/Users/akshithacingireddy/.m2/repository/org/apache/tomcat/embed/tomcat-embed-core/10.1.1/tomcat-embed-core-10.1.1.jar:/Users/akshithacingireddy/.m2/repository/org/apache/tomcat/embed/tomcat-embed-el/10.1.1/tomcat-embed-el-10.1.1.jar:/Users/akshithacingireddy/.m2/repository/org/apache/tomcat/embed/tomcat-embed-websocket/10.1.1/tomcat-embed-websocket-10.1.1.jar:/Users/akshithacingireddy/.m2/repository/org/springframework/spring-web/6.0.2/spring-web-6.0.2.jar:/Users/akshithacingireddy/.m2/repository/org/springframework/spring-beans/6.0.2/spring-beans-6.0.2.jar:/Users/akshithacingireddy/.m2/repository/org/springframework/spring-webmvc/6.0.2/spring-webmvc-6.0.2.jar:/Users/akshithacingireddy/.m2/repository/org/springframework/spring-aop/6.0.2/spring-aop-6.0.2.jar:/Users/akshithacingireddy/.m2/repository/org/springframework/spring-context/6.0.2/spring-context-6.0.2.jar:/Users/akshithacingireddy/.m2/repository/org/springframework/spring-expression/6.0.2/spring-expression-6.0.2.jar:/Users/akshithacingireddy/.m2/repository/org/springframework/boot/spring-boot-starter-webflux/3.0.0/spring-boot-starter-webflux-3.0.0.jar:/Users/akshithacingireddy/.m2/repository/org/springframework/boot/spring-boot-starter-reactor-netty/3.0.0/spring-boot-starter-reactor-netty-3.0.0.jar:/Users/akshithacingireddy/.m2/repository/io/projectreactor/netty/reactor-netty-http/1.1.0/reactor-netty-http-1.1.0.jar:/Users/akshithacingireddy/.m2/repository/io/netty/netty-codec-http/4.1.85.Final/netty-codec-http-4.1.85.Final.jar:/Users/akshithacingireddy/.m2/repository/io/netty/netty-common/4.1.85.Final/netty-common-4.1.85.Final.jar:/Users/akshithacingireddy/.m2/repository/io/netty/netty-buffer/4.1.85.Final/netty-buffer-4.1.85.Final.jar:/Users/akshithacingireddy/.m2/repository/io/netty/netty-transport/4.1.85.Final/netty-transport-4.1.85.Final.jar:/Users/akshithacingireddy/.m2/repository/io/netty/netty-codec/4.1.85.Final/netty-codec-4.1.85.Final.jar:/Users/akshithacingireddy/.m2/repository/io/netty/netty-handler/4.1.85.Final/netty-handler-4.1.85.Final.jar:/Users/akshithacingireddy/.m2/repository/io/netty/netty-codec-http2/4.1.85.Final/netty-codec-http2-4.1.85.Final.jar:/Users/akshithacingireddy/.m2/repository/io/netty/netty-resolver-dns/4.1.85.Final/netty-resolver-dns-4.1.85.Final.jar:/Users/akshithacingireddy/.m2/repository/io/netty/netty-resolver/4.1.85.Final/netty-resolver-4.1.85.Final.jar:/Users/akshithacingireddy/.m2/repository/io/netty/netty-codec-dns/4.1.85.Final/netty-codec-dns-4.1.85.Final.jar:/Users/akshithacingireddy/.m2/repository/io/netty/netty-resolver-dns-native-macos/4.1.85.Final/netty-resolver-dns-native-macos-4.1.85.Final-osx-x86_64.jar:/Users/akshithacingireddy/.m2/repository/io/netty/netty-resolver-dns-classes-macos/4.1.85.Final/netty-resolver-dns-classes-macos-4.1.85.Final.jar:/Users/akshithacingireddy/.m2/repository/io/netty/netty-transport-native-epoll/4.1.85.Final/netty-transport-native-epoll-4.1.85.Final-linux-x86_64.jar:/Users/akshithacingireddy/.m2/repository/io/netty/netty-transport-native-unix-common/4.1.85.Final/netty-transport-native-unix-common-4.1.85.Final.jar:/Users/akshithacingireddy/.m2/repository/io/netty/netty-transport-classes-epoll/4.1.85.Final/netty-transport-classes-epoll-4.1.85.Final.jar:/Users/akshithacingireddy/.m2/repository/io/projectreactor/netty/reactor-netty-core/1.1.0/reactor-netty-core-1.1.0.jar:/Users/akshithacingireddy/.m2/repository/io/netty/netty-handler-proxy/4.1.85.Final/netty-handler-proxy-4.1.85.Final.jar:/Users/akshithacingireddy/.m2/repository/io/netty/netty-codec-socks/4.1.85.Final/netty-codec-socks-4.1.85.Final.jar:/Users/akshithacingireddy/.m2/repository/org/springframework/spring-webflux/6.0.2/spring-webflux-6.0.2.jar:/Users/akshithacingireddy/.m2/repository/io/projectreactor/reactor-core/3.5.0/reactor-core-3.5.0.jar:/Users/akshithacingireddy/.m2/repository/org/reactivestreams/reactive-streams/1.0.4/reactive-streams-1.0.4.jar:/Users/akshithacingireddy/.m2/repository/org/springframework/boot/spring-boot-starter-actuator/3.0.0/spring-boot-starter-actuator-3.0.0.jar:/Users/akshithacingireddy/.m2/repository/org/springframework/boot/spring-boot-actuator-autoconfigure/3.0.0/spring-boot-actuator-autoconfigure-3.0.0.jar:/Users/akshithacingireddy/.m2/repository/org/springframework/boot/spring-boot-actuator/3.0.0/spring-boot-actuator-3.0.0.jar:/Users/akshithacingireddy/.m2/repository/io/micrometer/micrometer-observation/1.10.2/micrometer-observation-1.10.2.jar:/Users/akshithacingireddy/.m2/repository/io/micrometer/micrometer-commons/1.10.2/micrometer-commons-1.10.2.jar:/Users/akshithacingireddy/.m2/repository/io/micrometer/micrometer-core/1.10.2/micrometer-core-1.10.2.jar:/Users/akshithacingireddy/.m2/repository/org/hdrhistogram/HdrHistogram/2.1.12/HdrHistogram-2.1.12.jar:/Users/akshithacingireddy/.m2/repository/org/latencyutils/LatencyUtils/2.0.3/LatencyUtils-2.0.3.jar:/Users/akshithacingireddy/.m2/repository/org/springframework/boot/spring-boot-starter-thymeleaf/3.0.0/spring-boot-starter-thymeleaf-3.0.0.jar:/Users/akshithacingireddy/.m2/repository/org/thymeleaf/thymeleaf-spring6/3.1.0.RELEASE/thymeleaf-spring6-3.1.0.RELEASE.jar:/Users/akshithacingireddy/.m2/repository/org/thymeleaf/thymeleaf/3.1.0.RELEASE/thymeleaf-3.1.0.RELEASE.jar:/Users/akshithacingireddy/.m2/repository/org/attoparser/attoparser/2.0.6.RELEASE/attoparser-2.0.6.RELEASE.jar:/Users/akshithacingireddy/.m2/repository/org/unbescape/unbescape/1.1.6.RELEASE/unbescape-1.1.6.RELEASE.jar:/Users/akshithacingireddy/.m2/repository/org/slf4j/slf4j-api/2.0.4/slf4j-api-2.0.4.jar:/Users/akshithacingireddy/.m2/repository/com/fasterxml/jackson/core/jackson-databind/2.14.1/jackson-databind-2.14.1.jar:/Users/akshithacingireddy/.m2/repository/com/fasterxml/jackson/core/jackson-annotations/2.14.1/jackson-annotations-2.14.1.jar:/Users/akshithacingireddy/.m2/repository/com/fasterxml/jackson/core/jackson-core/2.14.1/jackson-core-2.14.1.jar:/Users/akshithacingireddy/.m2/repository/junit/junit/4.13.2/junit-4.13.2.jar:/Users/akshithacingireddy/.m2/repository/org/hamcrest/hamcrest-core/2.2/hamcrest-core-2.2.jar:/Users/akshithacingireddy/.m2/repository/org/hamcrest/hamcrest/2.2/hamcrest-2.2.jar:"/>
    <property name="java.vm.vendor" value="Oracle Corporation"/>
    <property name="sun.arch.data.model" value="64"/>
    <property name="java.vendor.url" value="https://java.oracle.com/"/>
    <property name="os.name" value="Mac OS X"/>
    <property name="java.vm.specification.version" value="20"/>
    <property name="sun.java.launcher" value="SUN_STANDARD"/>
    <property name="user.country" value="US"/>
    <property name="sun.boot.library.path" value="/Library/Java/JavaVirtualMachines/jdk-20.jdk/Contents/Home/lib"/>
    <property name="sun.java.command" value="/Users/akshithacingireddy/Project/weatherWebApp/target/surefire/surefirebooter7229530474546322700.jar /Users/akshithacingireddy/Project/weatherWebApp/target/surefire 2024-11-12T17-41-28_789-jvmRun1 surefire6680332558487482494tmp surefire_09730246052761753638tmp"/>
    <property name="http.nonProxyHosts" value="local|*.local|169.254/16|*.169.254/16"/>
    <property name="jdk.debug" value="release"/>
    <property name="surefire.test.class.path" value="/Users/akshithacingireddy/Project/weatherWebApp/target/test-classes:/Users/akshithacingireddy/Project/weatherWebApp/target/classes:/Users/akshithacingireddy/.m2/repository/org/springframework/boot/spring-boot-starter-web/3.0.0/spring-boot-starter-web-3.0.0.jar:/Users/akshithacingireddy/.m2/repository/org/springframework/boot/spring-boot-starter/3.0.0/spring-boot-starter-3.0.0.jar:/Users/akshithacingireddy/.m2/repository/org/springframework/boot/spring-boot/3.0.0/spring-boot-3.0.0.jar:/Users/akshithacingireddy/.m2/repository/org/springframework/boot/spring-boot-autoconfigure/3.0.0/spring-boot-autoconfigure-3.0.0.jar:/Users/akshithacingireddy/.m2/repository/org/springframework/boot/spring-boot-starter-logging/3.0.0/spring-boot-starter-logging-3.0.0.jar:/Users/akshithacingireddy/.m2/repository/ch/qos/logback/logback-classic/1.4.5/logback-classic-1.4.5.jar:/Users/akshithacingireddy/.m2/repository/ch/qos/logback/logback-core/1.4.5/logback-core-1.4.5.jar:/Users/akshithacingireddy/.m2/repository/org/apache/logging/log4j/log4j-to-slf4j/2.19.0/log4j-to-slf4j-2.19.0.jar:/Users/akshithacingireddy/.m2/repository/org/apache/logging/log4j/log4j-api/2.19.0/log4j-api-2.19.0.jar:/Users/akshithacingireddy/.m2/repository/org/slf4j/jul-to-slf4j/2.0.4/jul-to-slf4j-2.0.4.jar:/Users/akshithacingireddy/.m2/repository/jakarta/annotation/jakarta.annotation-api/2.1.1/jakarta.annotation-api-2.1.1.jar:/Users/akshithacingireddy/.m2/repository/org/springframework/spring-core/6.0.2/spring-core-6.0.2.jar:/Users/akshithacingireddy/.m2/repository/org/springframework/spring-jcl/6.0.2/spring-jcl-6.0.2.jar:/Users/akshithacingireddy/.m2/repository/org/yaml/snakeyaml/1.33/snakeyaml-1.33.jar:/Users/akshithacingireddy/.m2/repository/org/springframework/boot/spring-boot-starter-json/3.0.0/spring-boot-starter-json-3.0.0.jar:/Users/akshithacingireddy/.m2/repository/com/fasterxml/jackson/datatype/jackson-datatype-jdk8/2.14.1/jackson-datatype-jdk8-2.14.1.jar:/Users/akshithacingireddy/.m2/repository/com/fasterxml/jackson/datatype/jackson-datatype-jsr310/2.14.1/jackson-datatype-jsr310-2.14.1.jar:/Users/akshithacingireddy/.m2/repository/com/fasterxml/jackson/module/jackson-module-parameter-names/2.14.1/jackson-module-parameter-names-2.14.1.jar:/Users/akshithacingireddy/.m2/repository/org/springframework/boot/spring-boot-starter-tomcat/3.0.0/spring-boot-starter-tomcat-3.0.0.jar:/Users/akshithacingireddy/.m2/repository/org/apache/tomcat/embed/tomcat-embed-core/10.1.1/tomcat-embed-core-10.1.1.jar:/Users/akshithacingireddy/.m2/repository/org/apache/tomcat/embed/tomcat-embed-el/10.1.1/tomcat-embed-el-10.1.1.jar:/Users/akshithacingireddy/.m2/repository/org/apache/tomcat/embed/tomcat-embed-websocket/10.1.1/tomcat-embed-websocket-10.1.1.jar:/Users/akshithacingireddy/.m2/repository/org/springframework/spring-web/6.0.2/spring-web-6.0.2.jar:/Users/akshithacingireddy/.m2/repository/org/springframework/spring-beans/6.0.2/spring-beans-6.0.2.jar:/Users/akshithacingireddy/.m2/repository/org/springframework/spring-webmvc/6.0.2/spring-webmvc-6.0.2.jar:/Users/akshithacingireddy/.m2/repository/org/springframework/spring-aop/6.0.2/spring-aop-6.0.2.jar:/Users/akshithacingireddy/.m2/repository/org/springframework/spring-context/6.0.2/spring-context-6.0.2.jar:/Users/akshithacingireddy/.m2/repository/org/springframework/spring-expression/6.0.2/spring-expression-6.0.2.jar:/Users/akshithacingireddy/.m2/repository/org/springframework/boot/spring-boot-starter-webflux/3.0.0/spring-boot-starter-webflux-3.0.0.jar:/Users/akshithacingireddy/.m2/repository/org/springframework/boot/spring-boot-starter-reactor-netty/3.0.0/spring-boot-starter-reactor-netty-3.0.0.jar:/Users/akshithacingireddy/.m2/repository/io/projectreactor/netty/reactor-netty-http/1.1.0/reactor-netty-http-1.1.0.jar:/Users/akshithacingireddy/.m2/repository/io/netty/netty-codec-http/4.1.85.Final/netty-codec-http-4.1.85.Final.jar:/Users/akshithacingireddy/.m2/repository/io/netty/netty-common/4.1.85.Final/netty-common-4.1.85.Final.jar:/Users/akshithacingireddy/.m2/repository/io/netty/netty-buffer/4.1.85.Final/netty-buffer-4.1.85.Final.jar:/Users/akshithacingireddy/.m2/repository/io/netty/netty-transport/4.1.85.Final/netty-transport-4.1.85.Final.jar:/Users/akshithacingireddy/.m2/repository/io/netty/netty-codec/4.1.85.Final/netty-codec-4.1.85.Final.jar:/Users/akshithacingireddy/.m2/repository/io/netty/netty-handler/4.1.85.Final/netty-handler-4.1.85.Final.jar:/Users/akshithacingireddy/.m2/repository/io/netty/netty-codec-http2/4.1.85.Final/netty-codec-http2-4.1.85.Final.jar:/Users/akshithacingireddy/.m2/repository/io/netty/netty-resolver-dns/4.1.85.Final/netty-resolver-dns-4.1.85.Final.jar:/Users/akshithacingireddy/.m2/repository/io/netty/netty-resolver/4.1.85.Final/netty-resolver-4.1.85.Final.jar:/Users/akshithacingireddy/.m2/repository/io/netty/netty-codec-dns/4.1.85.Final/netty-codec-dns-4.1.85.Final.jar:/Users/akshithacingireddy/.m2/repository/io/netty/netty-resolver-dns-native-macos/4.1.85.Final/netty-resolver-dns-native-macos-4.1.85.Final-osx-x86_64.jar:/Users/akshithacingireddy/.m2/repository/io/netty/netty-resolver-dns-classes-macos/4.1.85.Final/netty-resolver-dns-classes-macos-4.1.85.Final.jar:/Users/akshithacingireddy/.m2/repository/io/netty/netty-transport-native-epoll/4.1.85.Final/netty-transport-native-epoll-4.1.85.Final-linux-x86_64.jar:/Users/akshithacingireddy/.m2/repository/io/netty/netty-transport-native-unix-common/4.1.85.Final/netty-transport-native-unix-common-4.1.85.Final.jar:/Users/akshithacingireddy/.m2/repository/io/netty/netty-transport-classes-epoll/4.1.85.Final/netty-transport-classes-epoll-4.1.85.Final.jar:/Users/akshithacingireddy/.m2/repository/io/projectreactor/netty/reactor-netty-core/1.1.0/reactor-netty-core-1.1.0.jar:/Users/akshithacingireddy/.m2/repository/io/netty/netty-handler-proxy/4.1.85.Final/netty-handler-proxy-4.1.85.Final.jar:/Users/akshithacingireddy/.m2/repository/io/netty/netty-codec-socks/4.1.85.Final/netty-codec-socks-4.1.85.Final.jar:/Users/akshithacingireddy/.m2/repository/org/springframework/spring-webflux/6.0.2/spring-webflux-6.0.2.jar:/Users/akshithacingireddy/.m2/repository/io/projectreactor/reactor-core/3.5.0/reactor-core-3.5.0.jar:/Users/akshithacingireddy/.m2/repository/org/reactivestreams/reactive-streams/1.0.4/reactive-streams-1.0.4.jar:/Users/akshithacingireddy/.m2/repository/org/springframework/boot/spring-boot-starter-actuator/3.0.0/spring-boot-starter-actuator-3.0.0.jar:/Users/akshithacingireddy/.m2/repository/org/springframework/boot/spring-boot-actuator-autoconfigure/3.0.0/spring-boot-actuator-autoconfigure-3.0.0.jar:/Users/akshithacingireddy/.m2/repository/org/springframework/boot/spring-boot-actuator/3.0.0/spring-boot-actuator-3.0.0.jar:/Users/akshithacingireddy/.m2/repository/io/micrometer/micrometer-observation/1.10.2/micrometer-observation-1.10.2.jar:/Users/akshithacingireddy/.m2/repository/io/micrometer/micrometer-commons/1.10.2/micrometer-commons-1.10.2.jar:/Users/akshithacingireddy/.m2/repository/io/micrometer/micrometer-core/1.10.2/micrometer-core-1.10.2.jar:/Users/akshithacingireddy/.m2/repository/org/hdrhistogram/HdrHistogram/2.1.12/HdrHistogram-2.1.12.jar:/Users/akshithacingireddy/.m2/repository/org/latencyutils/LatencyUtils/2.0.3/LatencyUtils-2.0.3.jar:/Users/akshithacingireddy/.m2/repository/org/springframework/boot/spring-boot-starter-thymeleaf/3.0.0/spring-boot-starter-thymeleaf-3.0.0.jar:/Users/akshithacingireddy/.m2/repository/org/thymeleaf/thymeleaf-spring6/3.1.0.RELEASE/thymeleaf-spring6-3.1.0.RELEASE.jar:/Users/akshithacingireddy/.m2/repository/org/thymeleaf/thymeleaf/3.1.0.RELEASE/thymeleaf-3.1.0.RELEASE.jar:/Users/akshithacingireddy/.m2/repository/org/attoparser/attoparser/2.0.6.RELEASE/attoparser-2.0.6.RELEASE.jar:/Users/akshithacingireddy/.m2/repository/org/unbescape/unbescape/1.1.6.RELEASE/unbescape-1.1.6.RELEASE.jar:/Users/akshithacingireddy/.m2/repository/org/slf4j/slf4j-api/2.0.4/slf4j-api-2.0.4.jar:/Users/akshithacingireddy/.m2/repository/com/fasterxml/jackson/core/jackson-databind/2.14.1/jackson-databind-2.14.1.jar:/Users/akshithacingireddy/.m2/repository/com/fasterxml/jackson/core/jackson-annotations/2.14.1/jackson-annotations-2.14.1.jar:/Users/akshithacingireddy/.m2/repository/com/fasterxml/jackson/core/jackson-core/2.14.1/jackson-core-2.14.1.jar:/Users/akshithacingireddy/.m2/repository/junit/junit/4.13.2/junit-4.13.2.jar:/Users/akshithacingireddy/.m2/repository/org/hamcrest/hamcrest-core/2.2/hamcrest-core-2.2.jar:/Users/akshithacingireddy/.m2/repository/org/hamcrest/hamcrest/2.2/hamcrest-2.2.jar:"/>
    <property name="sun.cpu.endian" value="little"/>
    <property name="user.home" value="/Users/akshithacingireddy"/>
    <property name="user.language" value="en"/>
    <property name="java.specification.vendor" value="Oracle Corporation"/>
    <property name="java.version.date" value="2023-07-18"/>
    <property name="java.home" value="/Library/Java/JavaVirtualMachines/jdk-20.jdk/Contents/Home"/>
    <property name="file.separator" value="/"/>
    <property name="basedir" value="/Users/akshithacingireddy/Project/weatherWebApp"/>
    <property name="java.vm.compressedOopsMode" value="Zero based"/>
    <property name="line.separator" value="&#10;"/>
    <property name="java.vm.specification.vendor" value="Oracle Corporation"/>
    <property name="java.specification.name" value="Java Platform API Specification"/>
    <property name="apple.awt.application.name" value="ForkedBooter"/>
    <property name="surefire.real.class.path" value="/Users/akshithacingireddy/Project/weatherWebApp/target/surefire/surefirebooter7229530474546322700.jar"/>
    <property name="sun.management.compiler" value="HotSpot 64-Bit Tiered Compilers"/>
    <property name="ftp.nonProxyHosts" value="local|*.local|169.254/16|*.169.254/16"/>
    <property name="java.runtime.version" value="20.0.2+9-78"/>
    <property name="user.name" value="akshithacingireddy"/>
    <property name="stdout.encoding" value="UTF-8"/>
    <property name="path.separator" value=":"/>
    <property name="os.version" value="14.0"/>
    <property name="java.runtime.name" value="Java(TM) SE Runtime Environment"/>
    <property name="file.encoding" value="UTF-8"/>
    <property name="java.vm.name" value="Java HotSpot(TM) 64-Bit Server VM"/>
    <property name="localRepository" value="/Users/akshithacingireddy/.m2/repository"/>
    <property name="java.vendor.url.bug" value="https://bugreport.java.com/bugreport/"/>
    <property name="java.io.tmpdir" value="/var/folders/7m/sm38n_mj1zjgxk_j4rvgr7300000gn/T/"/>
    <property name="java.version" value="20.0.2"/>
    <property name="user.dir" value="/Users/akshithacingireddy/Project/weatherWebApp"/>
    <property name="os.arch" value="x86_64"/>
    <property name="java.vm.specification.name" value="Java Virtual Machine Specification"/>
    <property name="native.encoding" value="UTF-8"/>
    <property name="java.library.path" value="/Users/akshithacingireddy/Library/Java/Extensions:/Library/Java/Extensions:/Network/Library/Java/Extensions:/System/Library/Java/Extensions:/usr/lib/java:."/>
    <property name="java.vm.info" value="mixed mode, sharing"/>
    <property name="stderr.encoding" value="UTF-8"/>
    <property name="java.vendor" value="Oracle Corporation"/>
    <property name="java.vm.version" value="20.0.2+9-78"/>
    <property name="sun.io.unicode.encoding" value="UnicodeBig"/>
    <property name="socksNonProxyHosts" value="local|*.local|169.254/16|*.169.254/16"/>
    <property name="java.class.version" value="64.0"/>
  </properties>
  <testcase name="testApp" classname="com.weatherapp.AppTest" time="0.005"/>
</testsuite>